2025/05/04 17:16:01 [INFO] Packer version: 1.12.0 [go1.22.9 linux amd64]
2025/05/04 17:16:01 [INFO] PACKER_CONFIG env var not set; checking the default config file path
2025/05/04 17:16:01 [INFO] PACKER_CONFIG env var set; attempting to open config file: /home/tdigenna/.packerconfig
2025/05/04 17:16:01 [WARN] Config file doesn't exist: /home/tdigenna/.packerconfig
2025/05/04 17:16:01 [INFO] Setting cache directory: /home/tdigenna/.cache/packer
2025/05/04 17:16:01 [TRACE] listing potential installations for "github.com/hashicorp/proxmox" that match ">= 1.2.2". plugingetter.ListInstallationsOptions{PluginDirectory:"/home/tdigenna/.config/packer/plugins", BinaryInstallationOptions:plugingetter.BinaryInstallationOptions{APIVersionMajor:"5", APIVersionMinor:"0", OS:"linux", ARCH:"amd64", Ext:"", Checksummers:[]plugingetter.Checksummer{plugingetter.Checksummer{Type:"sha256", Hash:(*sha256.digest)(0xc000871b80)}}, ReleasesOnly:false}}
2025/05/04 17:16:02 [TRACE] Found the following "github.com/hashicorp/proxmox" installations: [{/home/tdigenna/.config/packer/plugins/github.com/hashicorp/proxmox/packer-plugin-proxmox_v1.2.2_x5.0_linux_amd64 v1.2.2 x5.0}]
2025/05/04 17:16:02 [INFO] found external [-packer-default-plugin-name- clone iso] builders from proxmox-iso plugin
2025/05/04 17:16:02 plugin "/home/tdigenna/.config/packer/plugins/github.com/hashicorp/proxmox/packer-plugin-proxmox_v1.2.2_x5.0_linux_amd64" does not support Protobuf, forcing use of Gob
2025/05/04 17:16:02 [TRACE] listing potential installations for <nil> that match "". plugingetter.ListInstallationsOptions{PluginDirectory:"/home/tdigenna/.config/packer/plugins", BinaryInstallationOptions:plugingetter.BinaryInstallationOptions{APIVersionMajor:"5", APIVersionMinor:"0", OS:"linux", ARCH:"amd64", Ext:"", Checksummers:[]plugingetter.Checksummer{plugingetter.Checksummer{Type:"sha256", Hash:(*sha256.digest)(0xc0000ccb00)}}, ReleasesOnly:false}}
2025/05/04 17:16:02 [INFO] found external [-packer-default-plugin-name- clone iso] builders from proxmox plugin
2025/05/04 17:16:02 [TRACE] validateValue: not active for proxmox_api_token_id, so skipping
2025/05/04 17:16:02 [TRACE] validateValue: not active for template_vmid, so skipping
2025/05/04 17:16:02 [TRACE] validateValue: not active for talos_version, so skipping
2025/05/04 17:16:02 [TRACE] validateValue: not active for disk_size, so skipping
2025/05/04 17:16:02 [TRACE] validateValue: not active for sockets, so skipping
2025/05/04 17:16:02 [TRACE] validateValue: not active for cpu_type, so skipping
2025/05/04 17:16:02 [TRACE] validateValue: not active for static_ip, so skipping
2025/05/04 17:16:02 [TRACE] validateValue: not active for proxmox_storage, so skipping
2025/05/04 17:16:02 [TRACE] validateValue: not active for base_iso_file, so skipping
2025/05/04 17:16:02 [TRACE] validateValue: not active for storage_pool, so skipping
2025/05/04 17:16:02 [TRACE] validateValue: not active for memory, so skipping
2025/05/04 17:16:02 [TRACE] validateValue: not active for cores, so skipping
2025/05/04 17:16:02 [TRACE] validateValue: not active for gateway, so skipping
2025/05/04 17:16:02 [TRACE] validateValue: not active for proxmox_api_url, so skipping
2025/05/04 17:16:02 [TRACE] validateValue: not active for proxmox_api_token_secret, so skipping
2025/05/04 17:16:02 [TRACE] validateValue: not active for proxmox_node, so skipping
2025/05/04 17:16:02 [TRACE] validateValue: not active for schematic_id, so skipping
2025/05/04 17:16:02 [TRACE] validateValue: not active for cloudinit_storage_pool, so skipping
2025/05/04 17:16:02 waiting for all plugin processes to complete...
panic: interface conversion: interface is nil, not dag.Vertex

goroutine 1 [running]:
github.com/hashicorp/packer/internal/dag.stronglyConnected(0xc00083ee78, 0xc0006e4b80, {0x1771840, 0xc00011ebe0})
	github.com/hashicorp/packer/internal/dag/tarjan.go:31 +0x4fb
github.com/hashicorp/packer/internal/dag.StronglyConnected(0xc0006e4b80)
	github.com/hashicorp/packer/internal/dag/tarjan.go:19 +0x267
github.com/hashicorp/packer/internal/dag.(*AcyclicGraph).Cycles(0xc00097a820?)
	github.com/hashicorp/packer/internal/dag/dag.go:62 +0x19
github.com/hashicorp/packer/internal/dag.(*AcyclicGraph).Validate(0xc0006e4b80)
	github.com/hashicorp/packer/internal/dag/dag.go:34 +0x2a
github.com/hashicorp/packer/hcl2template.(*PackerConfig).buildPrereqsDAG(0xc0008b1b80)
	github.com/hashicorp/packer/hcl2template/parser.go:446 +0x732
github.com/hashicorp/packer/hcl2template.(*PackerConfig).evaluateBuildPrereqs(0xc0008b1b80, 0x1)
	github.com/hashicorp/packer/hcl2template/parser.go:459 +0x69
github.com/hashicorp/packer/hcl2template.(*PackerConfig).Initialize(0xc0008b1b80, {0xe0?, 0x24?})
	github.com/hashicorp/packer/hcl2template/parser.go:524 +0x32e
github.com/hashicorp/packer/command.(*ValidateCommand).RunContext(0xc0007a56e0, {0xc00003e0a0?, 0x2?}, 0xc000464000)
	github.com/hashicorp/packer/command/validate.go:84 +0x14b
github.com/hashicorp/packer/command.(*ValidateCommand).Run(0xc0007a56e0, {0xc00003e0a0, 0x2, 0x2})
	github.com/hashicorp/packer/command/validate.go:29 +0xbb
github.com/mitchellh/cli.(*CLI).Run(0xc00078e140)
	github.com/mitchellh/cli@v1.1.5/cli.go:262 +0x5b8
main.wrappedMain()
	github.com/hashicorp/packer/main.go:274 +0xeac
main.realMain()
	github.com/hashicorp/packer/main.go:51 +0xd5
main.main()
	github.com/hashicorp/packer/main.go:37 +0x13
